
=== subject_entries (9) ===
 subject='Toán', type=scored, cols=[6, 7]
 subject='TViệt', type=scored, cols=[8, 9]
 subject='ĐĐức', type=qualitative, cols=[10]
 subject='TN-XH', type=qualitative, cols=[11]
 subject='Tiếng Anh', type=qualitative, cols=[12]
 subject='Nghệ thuật - Âm nhạc', type=qualitative, cols=[13]
 subject='Nghệ thuật - MT', type=qualitative, cols=[14]
 subject='HĐTN', type=qualitative, cols=[15]
 subject='GDTC', type=qualitative, cols=[16]

=== subject_entries (9) ===
 subject='Toán', type=scored, cols=[6, 7]
 subject='TViệt', type=scored, cols=[8, 9]
 subject='ĐĐức', type=qualitative, cols=[10]
 subject='TN-XH', type=qualitative, cols=[11]
 subject='Tiếng Anh', type=qualitative, cols=[12]
 subject='Nghệ thuật - Âm nhạc', type=qualitative, cols=[13]
 subject='Nghệ thuật - MT', type=qualitative, cols=[14]
 subject='HĐTN', type=qualitative, cols=[15]
 subject='GDTC', type=qualitative, cols=[16]

=== subject_entries (8) ===
 subject='Toán', type=scored, cols=[6, 7]
 subject='Tiếng Việt', type=scored, cols=[8, 9]
 subject='Đạo đức', type=qualitative, cols=[10]
 subject='TN-XH', type=qualitative, cols=[11]
 subject='Nghệ thuật - Âm nhạc', type=qualitative, cols=[12]
 subject='Nghệ thuật - Mĩ thuật', type=qualitative, cols=[13]
 subject='Hoạt động trải nghiệm', type=qualitative, cols=[14]
 subject='Giáo dục thể chất', type=qualitative, cols=[15]

=== subject_entries (8) ===
 subject='Toán', type=scored, cols=[6, 7]
 subject='Tiếng Việt', type=scored, cols=[8, 9]
 subject='Đạo đức', type=qualitative, cols=[10]
 subject='TN-XH', type=qualitative, cols=[11]
 subject='Nghệ thuật - Âm nhạc', type=qualitative, cols=[12]
 subject='Nghệ thuật - Mĩ thuật', type=qualitative, cols=[13]
 subject='Hoạt động trải nghiệm', type=qualitative, cols=[14]
 subject='Giáo dục thể chất', type=qualitative, cols=[15]

=== subject_entries (10) ===
 subject='Toán', type=scored, cols=[6, 7]
 subject='Tiếng Việt', type=scored, cols=[8, 9]
 subject='Đạo đức', type=qualitative, cols=[10]
 subject='TN-XH', type=qualitative, cols=[11]
 subject='Tiếng Anh', type=qualitative, cols=[12]
 subject='Tin học', type=qualitative, cols=[13]
 subject='Nghệ thuật - Âm nhạc', type=qualitative, cols=[14]
 subject='Nghệ thuật - Mĩ thuật', type=qualitative, cols=[15]
 subject='Hoạt động trải nghiệm', type=qualitative, cols=[16]
 subject='Giáo dục thể chất', type=qualitative, cols=[17]

=== subject_entries (10) ===
 subject='Toán', type=scored, cols=[6, 7]
 subject='Tiếng Việt', type=scored, cols=[8, 9]
 subject='Đạo đức', type=qualitative, cols=[10]
 subject='TN-XH', type=qualitative, cols=[11]
 subject='Tiếng Anh', type=qualitative, cols=[12]
 subject='Tin học', type=qualitative, cols=[13]
 subject='Nghệ thuật - Âm nhạc', type=qualitative, cols=[14]
 subject='Nghệ thuật - Mĩ thuật', type=qualitative, cols=[15]
 subject='Hoạt động trải nghiệm', type=qualitative, cols=[16]
 subject='Giáo dục thể chất', type=qualitative, cols=[17]

=== subject_entries (10) ===
 subject='Toán', type=scored, cols=[6, 7]
 subject='Tiếng Việt', type=scored, cols=[8, 9]
 subject='Đạo đức', type=qualitative, cols=[10]
 subject='TN-XH', type=qualitative, cols=[11]
 subject='Tiếng Anh', type=qualitative, cols=[12]
 subject='Tin học', type=qualitative, cols=[13]
 subject='Nghệ thuật - Âm nhạc', type=qualitative, cols=[14]
 subject='Nghệ thuật - Mĩ thuật', type=qualitative, cols=[15]
 subject='Hoạt động trải nghiệm', type=qualitative, cols=[16]
 subject='Giáo dục thể chất', type=qualitative, cols=[17]

=== subject_entries (10) ===
 subject='Toán', type=scored, cols=[6, 7]
 subject='Tiếng Việt', type=scored, cols=[8, 9]
 subject='Đạo đức', type=qualitative, cols=[10]
 subject='TN-XH', type=qualitative, cols=[11]
 subject='Tiếng Anh', type=qualitative, cols=[12]
 subject='Tin học', type=qualitative, cols=[13]
 subject='Nghệ thuật - Âm nhạc', type=qualitative, cols=[14]
 subject='Nghệ thuật - Mĩ thuật', type=qualitative, cols=[15]
 subject='Hoạt động trải nghiệm', type=qualitative, cols=[16]
 subject='Giáo dục thể chất', type=qualitative, cols=[17]

=== subject_entries (8) ===
 subject='Toán', type=scored, cols=[6, 7]
 subject='Tiếng Việt', type=scored, cols=[8, 9]
 subject='Đạo đức', type=qualitative, cols=[10]
 subject='TN-XH', type=qualitative, cols=[11]
 subject='Nghệ thuật - Âm nhạc', type=qualitative, cols=[12]
 subject='Nghệ thuật - Mĩ thuật', type=qualitative, cols=[13]
 subject='Hoạt động trải nghiệm', type=qualitative, cols=[14]
 subject='Giáo dục thể chất', type=qualitative, cols=[15]

=== subject_entries (8) ===
 subject='Toán', type=scored, cols=[6, 7]
 subject='Tiếng Việt', type=scored, cols=[8, 9]
 subject='Đạo đức', type=qualitative, cols=[10]
 subject='TN-XH', type=qualitative, cols=[11]
 subject='Nghệ thuật - Âm nhạc', type=qualitative, cols=[12]
 subject='Nghệ thuật - Mĩ thuật', type=qualitative, cols=[13]
 subject='Hoạt động trải nghiệm', type=qualitative, cols=[14]
 subject='Giáo dục thể chất', type=qualitative, cols=[15]

=== subject_entries (10) ===
 subject='Toán', type=scored, cols=[6, 7]
 subject='Tiếng Việt', type=scored, cols=[8, 9]
 subject='Đạo đức', type=qualitative, cols=[10]
 subject='TN-XH', type=qualitative, cols=[11]
 subject='Tiếng Anh', type=qualitative, cols=[12]
 subject='Tin học', type=qualitative, cols=[13]
 subject='Nghệ thuật - Âm nhạc', type=qualitative, cols=[14]
 subject='Nghệ thuật - Mĩ thuật', type=qualitative, cols=[15]
 subject='Hoạt động trải nghiệm', type=qualitative, cols=[16]
 subject='Giáo dục thể chất', type=qualitative, cols=[17]

=== subject_entries (10) ===
 subject='Toán', type=scored, cols=[6, 7]
 subject='Tiếng Việt', type=scored, cols=[8, 9]
 subject='Đạo đức', type=qualitative, cols=[10]
 subject='TN-XH', type=qualitative, cols=[11]
 subject='Tiếng Anh', type=qualitative, cols=[12]
 subject='Tin học', type=qualitative, cols=[13]
 subject='Nghệ thuật - Âm nhạc', type=qualitative, cols=[14]
 subject='Nghệ thuật - Mĩ thuật', type=qualitative, cols=[15]
 subject='Hoạt động trải nghiệm', type=qualitative, cols=[16]
 subject='Giáo dục thể chất', type=qualitative, cols=[17]

=== subject_entries (10) ===
 subject='Toán', type=scored, cols=[6, 7]
 subject='Tiếng Việt', type=scored, cols=[8, 9]
 subject='Đạo đức', type=qualitative, cols=[10]
 subject='TN-XH', type=qualitative, cols=[11]
 subject='Tiếng Anh', type=qualitative, cols=[12]
 subject='Tin học', type=qualitative, cols=[13]
 subject='Nghệ thuật - Âm nhạc', type=qualitative, cols=[14]
 subject='Nghệ thuật - Mĩ thuật', type=qualitative, cols=[15]
 subject='Hoạt động trải nghiệm', type=qualitative, cols=[16]
 subject='Giáo dục thể chất', type=qualitative, cols=[17]

=== subject_entries (10) ===
 subject='Toán', type=scored, cols=[6, 7]
 subject='Tiếng Việt', type=scored, cols=[8, 9]
 subject='Đạo đức', type=qualitative, cols=[10]
 subject='TN-XH', type=qualitative, cols=[11]
 subject='Tiếng Anh', type=qualitative, cols=[12]
 subject='Tin học', type=qualitative, cols=[13]
 subject='Nghệ thuật - Âm nhạc', type=qualitative, cols=[14]
 subject='Nghệ thuật - Mĩ thuật', type=qualitative, cols=[15]
 subject='Hoạt động trải nghiệm', type=qualitative, cols=[16]
 subject='Giáo dục thể chất', type=qualitative, cols=[17]

=== subject_entries (8) ===
 subject='Toán', type=scored, cols=[6, 7]
 subject='Tiếng Việt', type=scored, cols=[8, 9]
 subject='Đạo đức', type=qualitative, cols=[10]
 subject='TN-XH', type=qualitative, cols=[11]
 subject='Nghệ thuật - Âm nhạc', type=qualitative, cols=[12]
 subject='Nghệ thuật - Mĩ thuật', type=qualitative, cols=[13]
 subject='Hoạt động trải nghiệm', type=qualitative, cols=[14]
 subject='Giáo dục thể chất', type=qualitative, cols=[15]

=== subject_entries (8) ===
 subject='Toán', type=scored, cols=[6, 7]
 subject='Tiếng Việt', type=scored, cols=[8, 9]
 subject='Đạo đức', type=qualitative, cols=[10]
 subject='TN-XH', type=qualitative, cols=[11]
 subject='Nghệ thuật - Âm nhạc', type=qualitative, cols=[12]
 subject='Nghệ thuật - Mĩ thuật', type=qualitative, cols=[13]
 subject='Hoạt động trải nghiệm', type=qualitative, cols=[14]
 subject='Giáo dục thể chất', type=qualitative, cols=[15]

=== subject_entries (8) ===
 subject='Toán', type=scored, cols=[6, 7]
 subject='Tiếng Việt', type=scored, cols=[8, 9]
 subject='Đạo đức', type=qualitative, cols=[10]
 subject='TN-XH', type=qualitative, cols=[11]
 subject='Nghệ thuật - Âm nhạc', type=qualitative, cols=[12]
 subject='Nghệ thuật - Mĩ thuật', type=qualitative, cols=[13]
 subject='Hoạt động trải nghiệm', type=qualitative, cols=[14]
 subject='Giáo dục thể chất', type=qualitative, cols=[15]

=== subject_entries (8) ===
 subject='Toán', type=scored, cols=[6, 7]
 subject='Tiếng Việt', type=scored, cols=[8, 9]
 subject='Đạo đức', type=qualitative, cols=[10]
 subject='TN-XH', type=qualitative, cols=[11]
 subject='Nghệ thuật - Âm nhạc', type=qualitative, cols=[12]
 subject='Nghệ thuật - Mĩ thuật', type=qualitative, cols=[13]
 subject='Hoạt động trải nghiệm', type=qualitative, cols=[14]
 subject='Giáo dục thể chất', type=qualitative, cols=[15]

=== subject_entries (8) ===
 subject='Toán', type=scored, cols=[6, 7]
 subject='Tiếng Việt', type=scored, cols=[8, 9]
 subject='Đạo đức', type=qualitative, cols=[10]
 subject='TN-XH', type=qualitative, cols=[11]
 subject='Nghệ thuật - Âm nhạc', type=qualitative, cols=[12]
 subject='Nghệ thuật - Mĩ thuật', type=qualitative, cols=[13]
 subject='Hoạt động trải nghiệm', type=qualitative, cols=[14]
 subject='Giáo dục thể chất', type=qualitative, cols=[15]

=== subject_entries (11) ===
 subject='Toán', type=scored, cols=[6, 7]
 subject='Tiếng Việt', type=scored, cols=[8, 9]
 subject='Đạo đức', type=qualitative, cols=[10]
 subject='TN-XH', type=qualitative, cols=[11]
 subject='Tiếng Anh', type=scored, cols=[12, 13]
 subject='Tin học', type=scored, cols=[14, 15]
 subject='Công nghệ', type=scored, cols=[16, 17]
 subject='Nghệ thuật - Âm nhạc', type=qualitative, cols=[18]
 subject='Nghệ thuật - Mĩ thuật', type=qualitative, cols=[19]
 subject='Hoạt động trải nghiệm', type=qualitative, cols=[20]
 subject='Giáo dục thể chất', type=qualitative, cols=[21]

=== subject_entries (11) ===
 subject='Toán', type=scored, cols=[6, 7]
 subject='Tiếng Việt', type=scored, cols=[8, 9]
 subject='Đạo đức', type=qualitative, cols=[10]
 subject='TN-XH', type=qualitative, cols=[11]
 subject='Tiếng Anh', type=scored, cols=[12, 13]
 subject='Tin học', type=scored, cols=[14, 15]
 subject='Công nghệ', type=scored, cols=[16, 17]
 subject='Nghệ thuật - Âm nhạc', type=qualitative, cols=[18]
 subject='Nghệ thuật - Mĩ thuật', type=qualitative, cols=[19]
 subject='Hoạt động trải nghiệm', type=qualitative, cols=[20]
 subject='Giáo dục thể chất', type=qualitative, cols=[21]

=== subject_entries (11) ===
 subject='Toán', type=scored, cols=[6, 7]
 subject='Tiếng Việt', type=scored, cols=[8, 9]
 subject='Đạo đức', type=qualitative, cols=[10]
 subject='TN-XH', type=qualitative, cols=[11]
 subject='Tiếng Anh', type=scored, cols=[12, 13]
 subject='Tin học', type=scored, cols=[14, 15]
 subject='Công nghệ', type=scored, cols=[16, 17]
 subject='Nghệ thuật - Âm nhạc', type=qualitative, cols=[18]
 subject='Nghệ thuật - Mĩ thuật', type=qualitative, cols=[19]
 subject='Hoạt động trải nghiệm', type=qualitative, cols=[20]
 subject='Giáo dục thể chất', type=qualitative, cols=[21]

=== subject_entries (12) ===
 subject='Toán', type=scored, cols=[6, 7]
 subject='Tiếng Việt', type=scored, cols=[8, 9]
 subject='Đạo đức', type=qualitative, cols=[10]
 subject='Lịch sử và Địa lí', type=scored, cols=[11, 12]
 subject='Tiếng Anh', type=scored, cols=[13, 14]
 subject='Tin học', type=scored, cols=[15, 16]
 subject='Khoa học', type=scored, cols=[17, 18]
 subject='Công nghệ', type=scored, cols=[19, 20]
 subject='Nghệ thuật - Âm nhạc', type=qualitative, cols=[21]
 subject='Nghệ thuật - Mĩ thuật', type=qualitative, cols=[22]
 subject='Hoạt động trải nghiệm', type=qualitative, cols=[23]
 subject='Giáo dục thể chất', type=qualitative, cols=[24]

=== subject_entries (12) ===
 subject='Toán', type=scored, cols=[6, 7]
 subject='Tiếng Việt', type=scored, cols=[8, 9]
 subject='Đạo đức', type=qualitative, cols=[10]
 subject='Lịch sử và Địa lí', type=scored, cols=[11, 12]
 subject='Tiếng Anh', type=scored, cols=[13, 14]
 subject='Tin học', type=scored, cols=[15, 16]
 subject='Khoa học', type=scored, cols=[17, 18]
 subject='Công nghệ', type=scored, cols=[19, 20]
 subject='Nghệ thuật - Âm nhạc', type=qualitative, cols=[21]
 subject='Nghệ thuật - Mĩ thuật', type=qualitative, cols=[22]
 subject='Hoạt động trải nghiệm', type=qualitative, cols=[23]
 subject='Giáo dục thể chất', type=qualitative, cols=[24]

=== subject_entries (12) ===
 subject='Toán', type=scored, cols=[6, 7]
 subject='Tiếng Việt', type=scored, cols=[8, 9]
 subject='Đạo đức', type=qualitative, cols=[10]
 subject='Lịch sử và Địa lí', type=scored, cols=[11, 12]
 subject='Tiếng Anh', type=scored, cols=[13, 14]
 subject='Tin học', type=scored, cols=[15, 16]
 subject='Khoa học', type=scored, cols=[17, 18]
 subject='Công nghệ', type=scored, cols=[19, 20]
 subject='Nghệ thuật - Âm nhạc', type=qualitative, cols=[21]
 subject='Nghệ thuật - Mĩ thuật', type=qualitative, cols=[22]
 subject='Hoạt động trải nghiệm', type=qualitative, cols=[23]
 subject='Giáo dục thể chất', type=qualitative, cols=[24]

=== subject_entries (11) ===
 subject='Tiếng Việt', type=qualitative, cols=[6, 7]
 subject='Toán', type=qualitative, cols=[8, 9]
 subject='Khoa học', type=qualitative, cols=[10, 11]
 subject='Lịch sử và Địa lí', type=qualitative, cols=[12, 13]
 subject='Tiếng Anh', type=qualitative, cols=[14, 15]
 subject='Tin học', type=qualitative, cols=[16, 17]
 subject='Đạo đức', type=qualitative, cols=[18]
 subject='Âm nhạc', type=qualitative, cols=[19]
 subject='Mĩ thuật', type=qualitative, cols=[20]
 subject='Kĩ thuật', type=qualitative, cols=[21]
 subject='Thể dục', type=qualitative, cols=[22]

=== subject_entries (9) ===
 subject='Toán', type=scored, cols=[6, 7]
 subject='TViệt', type=scored, cols=[8, 9]
 subject='ĐĐức', type=qualitative, cols=[10]
 subject='TN-XH', type=qualitative, cols=[11]
 subject='Tiếng Anh', type=qualitative, cols=[12]
 subject='Nghệ thuật - Âm nhạc', type=qualitative, cols=[13]
 subject='Nghệ thuật - MT', type=qualitative, cols=[14]
 subject='HĐTN', type=qualitative, cols=[15]
 subject='GDTC', type=qualitative, cols=[16]

=== subject_entries (9) ===
 subject='Toán', type=scored, cols=[6, 7]
 subject='TViệt', type=scored, cols=[8, 9]
 subject='ĐĐức', type=qualitative, cols=[10]
 subject='TN-XH', type=qualitative, cols=[11]
 subject='Tiếng Anh', type=qualitative, cols=[12]
 subject='Nghệ thuật - Âm nhạc', type=qualitative, cols=[13]
 subject='Nghệ thuật - MT', type=qualitative, cols=[14]
 subject='HĐTN', type=qualitative, cols=[15]
 subject='GDTC', type=qualitative, cols=[16]

=== subject_entries (10) ===
 subject='Toán', type=scored, cols=[6, 7]
 subject='Tiếng Việt', type=scored, cols=[8, 9]
 subject='Đạo đức', type=qualitative, cols=[10]
 subject='TN-XH', type=qualitative, cols=[11]
 subject='Tiếng Anh', type=qualitative, cols=[12]
 subject='Tin học', type=qualitative, cols=[13]
 subject='Nghệ thuật - Âm nhạc', type=qualitative, cols=[14]
 subject='Nghệ thuật - Mĩ thuật', type=qualitative, cols=[15]
 subject='Hoạt động trải nghiệm', type=qualitative, cols=[16]
 subject='Giáo dục thể chất', type=qualitative, cols=[17]

=== subject_entries (10) ===
 subject='Toán', type=scored, cols=[6, 7]
 subject='Tiếng Việt', type=scored, cols=[8, 9]
 subject='Đạo đức', type=qualitative, cols=[10]
 subject='TN-XH', type=qualitative, cols=[11]
 subject='Tiếng Anh', type=qualitative, cols=[12]
 subject='Tin học', type=qualitative, cols=[13]
 subject='Nghệ thuật - Âm nhạc', type=qualitative, cols=[14]
 subject='Nghệ thuật - Mĩ thuật', type=qualitative, cols=[15]
 subject='Hoạt động trải nghiệm', type=qualitative, cols=[16]
 subject='Giáo dục thể chất', type=qualitative, cols=[17]

=== subject_entries (11) ===
 subject='Toán', type=scored, cols=[6, 7]
 subject='Tiếng Việt', type=scored, cols=[8, 9]
 subject='Đạo đức', type=qualitative, cols=[10]
 subject='TN-XH', type=qualitative, cols=[11]
 subject='Tiếng Anh', type=scored, cols=[12, 13]
 subject='Tin học', type=scored, cols=[14, 15]
 subject='Tin học và Công nghệ (Công nghệ)', type=scored, cols=[16, 17]
 subject='Nghệ thuật - Âm nhạc', type=qualitative, cols=[18]
 subject='Nghệ thuật - Mĩ thuật', type=qualitative, cols=[19]
 subject='Hoạt động trải nghiệm', type=qualitative, cols=[20]
 subject='Giáo dục thể chất', type=qualitative, cols=[21]

=== subject_entries (11) ===
 subject='Toán', type=scored, cols=[6, 7]
 subject='Tiếng Việt', type=scored, cols=[8, 9]
 subject='Đạo đức', type=qualitative, cols=[10]
 subject='TN-XH', type=qualitative, cols=[11]
 subject='Tiếng Anh', type=scored, cols=[12, 13]
 subject='Tin học', type=scored, cols=[14, 15]
 subject='Tin học và Công nghệ (Công nghệ)', type=scored, cols=[16, 17]
 subject='Nghệ thuật - Âm nhạc', type=qualitative, cols=[18]
 subject='Nghệ thuật - Mĩ thuật', type=qualitative, cols=[19]
 subject='Hoạt động trải nghiệm', type=qualitative, cols=[20]
 subject='Giáo dục thể chất', type=qualitative, cols=[21]

=== subject_entries (11) ===
 subject='Toán', type=scored, cols=[6, 7]
 subject='Tiếng Việt', type=scored, cols=[8, 9]
 subject='Đạo đức', type=qualitative, cols=[10]
 subject='TN-XH', type=qualitative, cols=[11]
 subject='Tiếng Anh', type=scored, cols=[12, 13]
 subject='Tin học', type=scored, cols=[14, 15]
 subject='Tin học và Công nghệ (Công nghệ)', type=scored, cols=[16, 17]
 subject='Nghệ thuật - Âm nhạc', type=qualitative, cols=[18]
 subject='Nghệ thuật - Mĩ thuật', type=qualitative, cols=[19]
 subject='Hoạt động trải nghiệm', type=qualitative, cols=[20]
 subject='Giáo dục thể chất', type=qualitative, cols=[21]

=== subject_entries (12) ===
 subject='Toán', type=scored, cols=[6, 7]
 subject='Tiếng Việt', type=scored, cols=[8, 9]
 subject='Đạo đức', type=qualitative, cols=[10]
 subject='Lịch sử và Địa lí', type=scored, cols=[11, 12]
 subject='Tiếng Anh', type=scored, cols=[13, 14]
 subject='Tin học', type=scored, cols=[15, 16]
 subject='Khoa học', type=scored, cols=[17, 18]
 subject='Tin học và Công nghệ (Công nghệ)', type=scored, cols=[19, 20]
 subject='Nghệ thuật - Âm nhạc', type=qualitative, cols=[21]
 subject='Nghệ thuật - Mĩ thuật', type=qualitative, cols=[22]
 subject='Hoạt động trải nghiệm', type=qualitative, cols=[23]
 subject='Giáo dục thể chất', type=qualitative, cols=[24]

=== subject_entries (12) ===
 subject='Toán', type=scored, cols=[6, 7]
 subject='Tiếng Việt', type=scored, cols=[8, 9]
 subject='Đạo đức', type=qualitative, cols=[10]
 subject='Lịch sử và Địa lí', type=scored, cols=[11, 12]
 subject='Tiếng Anh', type=scored, cols=[13, 14]
 subject='Tin học', type=scored, cols=[15, 16]
 subject='Khoa học', type=scored, cols=[17, 18]
 subject='Tin học và Công nghệ (Công nghệ)', type=scored, cols=[19, 20]
 subject='Nghệ thuật - Âm nhạc', type=qualitative, cols=[21]
 subject='Nghệ thuật - Mĩ thuật', type=qualitative, cols=[22]
 subject='Hoạt động trải nghiệm', type=qualitative, cols=[23]
 subject='Giáo dục thể chất', type=qualitative, cols=[24]

=== subject_entries (12) ===
 subject='Toán', type=scored, cols=[6, 7]
 subject='Tiếng Việt', type=scored, cols=[8, 9]
 subject='Đạo đức', type=qualitative, cols=[10]
 subject='Lịch sử và Địa lí', type=scored, cols=[11, 12]
 subject='Tiếng Anh', type=scored, cols=[13, 14]
 subject='Tin học', type=scored, cols=[15, 16]
 subject='Khoa học', type=scored, cols=[17, 18]
 subject='Tin học và Công nghệ (Công nghệ)', type=scored, cols=[19, 20]
 subject='Nghệ thuật - Âm nhạc', type=qualitative, cols=[21]
 subject='Nghệ thuật - Mĩ thuật', type=qualitative, cols=[22]
 subject='Hoạt động trải nghiệm', type=qualitative, cols=[23]
 subject='Giáo dục thể chất', type=qualitative, cols=[24]

=== subject_entries (12) ===
 subject='Toán', type=scored, cols=[6, 7]
 subject='Tiếng Việt', type=scored, cols=[8, 9]
 subject='Đạo đức', type=qualitative, cols=[10]
 subject='Lịch sử và Địa lí', type=scored, cols=[11, 12]
 subject='Tiếng Anh', type=scored, cols=[13, 14]
 subject='Tin học', type=scored, cols=[15, 16]
 subject='Khoa học', type=scored, cols=[17, 18]
 subject='Tin học và Công nghệ (Công nghệ)', type=scored, cols=[19, 20]
 subject='Nghệ thuật - Âm nhạc', type=qualitative, cols=[21]
 subject='Nghệ thuật - Mĩ thuật', type=qualitative, cols=[22]
 subject='Hoạt động trải nghiệm', type=qualitative, cols=[23]
 subject='Giáo dục thể chất', type=qualitative, cols=[24]

=== subject_entries (12) ===
 subject='Toán', type=scored, cols=[6, 7]
 subject='Tiếng Việt', type=scored, cols=[8, 9]
 subject='Đạo đức', type=qualitative, cols=[10]
 subject='Lịch sử và Địa lí', type=scored, cols=[11, 12]
 subject='Tiếng Anh', type=scored, cols=[13, 14]
 subject='Tin học', type=scored, cols=[15, 16]
 subject='Khoa học', type=scored, cols=[17, 18]
 subject='Tin học và Công nghệ (Công nghệ)', type=scored, cols=[19, 20]
 subject='Nghệ thuật - Âm nhạc', type=qualitative, cols=[21]
 subject='Nghệ thuật - Mĩ thuật', type=qualitative, cols=[22]
 subject='Hoạt động trải nghiệm', type=qualitative, cols=[23]
 subject='Giáo dục thể chất', type=qualitative, cols=[24]

=== subject_entries (12) ===
 subject='Toán', type=scored, cols=[6, 7]
 subject='Tiếng Việt', type=scored, cols=[8, 9]
 subject='Đạo đức', type=qualitative, cols=[10]
 subject='Lịch sử và Địa lí', type=scored, cols=[11, 12]
 subject='Tiếng Anh', type=scored, cols=[13, 14]
 subject='Tin học', type=scored, cols=[15, 16]
 subject='Khoa học', type=scored, cols=[17, 18]
 subject='Tin học và Công nghệ (Công nghệ)', type=scored, cols=[19, 20]
 subject='Nghệ thuật - Âm nhạc', type=qualitative, cols=[21]
 subject='Nghệ thuật - Mĩ thuật', type=qualitative, cols=[22]
 subject='Hoạt động trải nghiệm', type=qualitative, cols=[23]
 subject='Giáo dục thể chất', type=qualitative, cols=[24]

=== subject_entries (9) ===
 subject='Toán', type=scored, cols=[6, 7]
 subject='TViệt', type=scored, cols=[8, 9]
 subject='ĐĐức', type=qualitative, cols=[10]
 subject='TN-XH', type=qualitative, cols=[11]
 subject='Tiếng Anh', type=qualitative, cols=[12]
 subject='Nghệ thuật - Âm nhạc', type=qualitative, cols=[13]
 subject='Nghệ thuật - MT', type=qualitative, cols=[14]
 subject='HĐTN', type=qualitative, cols=[15]
 subject='GDTC', type=qualitative, cols=[16]

=== subject_entries (9) ===
 subject='Toán', type=scored, cols=[6, 7]
 subject='TViệt', type=scored, cols=[8, 9]
 subject='ĐĐức', type=qualitative, cols=[10]
 subject='TN-XH', type=qualitative, cols=[11]
 subject='Tiếng Anh', type=qualitative, cols=[12]
 subject='Nghệ thuật - Âm nhạc', type=qualitative, cols=[13]
 subject='Nghệ thuật - MT', type=qualitative, cols=[14]
 subject='HĐTN', type=qualitative, cols=[15]
 subject='GDTC', type=qualitative, cols=[16]

=== subject_entries (10) ===
 subject='Toán', type=scored, cols=[6, 7]
 subject='Tiếng Việt', type=scored, cols=[8, 9]
 subject='Đạo đức', type=qualitative, cols=[10]
 subject='TN-XH', type=qualitative, cols=[11]
 subject='Tiếng Anh', type=qualitative, cols=[12]
 subject='Tin học', type=qualitative, cols=[13]
 subject='Nghệ thuật - Âm nhạc', type=qualitative, cols=[14]
 subject='Nghệ thuật - Mĩ thuật', type=qualitative, cols=[15]
 subject='Hoạt động trải nghiệm', type=qualitative, cols=[16]
 subject='Giáo dục thể chất', type=qualitative, cols=[17]

=== subject_entries (10) ===
 subject='Toán', type=scored, cols=[6, 7]
 subject='Tiếng Việt', type=scored, cols=[8, 9]
 subject='Đạo đức', type=qualitative, cols=[10]
 subject='TN-XH', type=qualitative, cols=[11]
 subject='Tiếng Anh', type=qualitative, cols=[12]
 subject='Tin học', type=qualitative, cols=[13]
 subject='Nghệ thuật - Âm nhạc', type=qualitative, cols=[14]
 subject='Nghệ thuật - Mĩ thuật', type=qualitative, cols=[15]
 subject='Hoạt động trải nghiệm', type=qualitative, cols=[16]
 subject='Giáo dục thể chất', type=qualitative, cols=[17]

=== subject_entries (11) ===
 subject='Toán', type=scored, cols=[6, 7]
 subject='Tiếng Việt', type=scored, cols=[8, 9]
 subject='Đạo đức', type=qualitative, cols=[10]
 subject='TN-XH', type=qualitative, cols=[11]
 subject='Tiếng Anh', type=scored, cols=[12, 13]
 subject='Tin học', type=scored, cols=[14, 15]
 subject='Tin học và Công nghệ (Công nghệ)', type=scored, cols=[16, 17]
 subject='Nghệ thuật - Âm nhạc', type=qualitative, cols=[18]
 subject='Nghệ thuật - Mĩ thuật', type=qualitative, cols=[19]
 subject='Hoạt động trải nghiệm', type=qualitative, cols=[20]
 subject='Giáo dục thể chất', type=qualitative, cols=[21]

=== subject_entries (11) ===
 subject='Toán', type=scored, cols=[6, 7]
 subject='Tiếng Việt', type=scored, cols=[8, 9]
 subject='Đạo đức', type=qualitative, cols=[10]
 subject='TN-XH', type=qualitative, cols=[11]
 subject='Tiếng Anh', type=scored, cols=[12, 13]
 subject='Tin học', type=scored, cols=[14, 15]
 subject='Tin học và Công nghệ (Công nghệ)', type=scored, cols=[16, 17]
 subject='Nghệ thuật - Âm nhạc', type=qualitative, cols=[18]
 subject='Nghệ thuật - Mĩ thuật', type=qualitative, cols=[19]
 subject='Hoạt động trải nghiệm', type=qualitative, cols=[20]
 subject='Giáo dục thể chất', type=qualitative, cols=[21]

=== subject_entries (11) ===
 subject='Toán', type=scored, cols=[6, 7]
 subject='Tiếng Việt', type=scored, cols=[8, 9]
 subject='Đạo đức', type=qualitative, cols=[10]
 subject='TN-XH', type=qualitative, cols=[11]
 subject='Tiếng Anh', type=scored, cols=[12, 13]
 subject='Tin học', type=scored, cols=[14, 15]
 subject='Tin học và Công nghệ (Công nghệ)', type=scored, cols=[16, 17]
 subject='Nghệ thuật - Âm nhạc', type=qualitative, cols=[18]
 subject='Nghệ thuật - Mĩ thuật', type=qualitative, cols=[19]
 subject='Hoạt động trải nghiệm', type=qualitative, cols=[20]
 subject='Giáo dục thể chất', type=qualitative, cols=[21]

=== subject_entries (12) ===
 subject='Toán', type=scored, cols=[6, 7]
 subject='Tiếng Việt', type=scored, cols=[8, 9]
 subject='Đạo đức', type=qualitative, cols=[10]
 subject='Lịch sử và Địa lí', type=scored, cols=[11, 12]
 subject='Tiếng Anh', type=scored, cols=[13, 14]
 subject='Tin học', type=scored, cols=[15, 16]
 subject='Khoa học', type=scored, cols=[17, 18]
 subject='Tin học và Công nghệ (Công nghệ)', type=scored, cols=[19, 20]
 subject='Nghệ thuật - Âm nhạc', type=qualitative, cols=[21]
 subject='Nghệ thuật - Mĩ thuật', type=qualitative, cols=[22]
 subject='Hoạt động trải nghiệm', type=qualitative, cols=[23]
 subject='Giáo dục thể chất', type=qualitative, cols=[24]

=== subject_entries (12) ===
 subject='Toán', type=scored, cols=[6, 7]
 subject='Tiếng Việt', type=scored, cols=[8, 9]
 subject='Đạo đức', type=qualitative, cols=[10]
 subject='Lịch sử và Địa lí', type=scored, cols=[11, 12]
 subject='Tiếng Anh', type=scored, cols=[13, 14]
 subject='Tin học', type=scored, cols=[15, 16]
 subject='Khoa học', type=scored, cols=[17, 18]
 subject='Tin học và Công nghệ (Công nghệ)', type=scored, cols=[19, 20]
 subject='Nghệ thuật - Âm nhạc', type=qualitative, cols=[21]
 subject='Nghệ thuật - Mĩ thuật', type=qualitative, cols=[22]
 subject='Hoạt động trải nghiệm', type=qualitative, cols=[23]
 subject='Giáo dục thể chất', type=qualitative, cols=[24]

=== subject_entries (12) ===
 subject='Toán', type=scored, cols=[6, 7]
 subject='Tiếng Việt', type=scored, cols=[8, 9]
 subject='Đạo đức', type=qualitative, cols=[10]
 subject='Lịch sử và Địa lí', type=scored, cols=[11, 12]
 subject='Tiếng Anh', type=scored, cols=[13, 14]
 subject='Tin học', type=scored, cols=[15, 16]
 subject='Khoa học', type=scored, cols=[17, 18]
 subject='Tin học và Công nghệ (Công nghệ)', type=scored, cols=[19, 20]
 subject='Nghệ thuật - Âm nhạc', type=qualitative, cols=[21]
 subject='Nghệ thuật - Mĩ thuật', type=qualitative, cols=[22]
 subject='Hoạt động trải nghiệm', type=qualitative, cols=[23]
 subject='Giáo dục thể chất', type=qualitative, cols=[24]

=== subject_entries (12) ===
 subject='Toán', type=scored, cols=[6, 7]
 subject='Tiếng Việt', type=scored, cols=[8, 9]
 subject='Đạo đức', type=qualitative, cols=[10]
 subject='Lịch sử và Địa lí', type=scored, cols=[11, 12]
 subject='Tiếng Anh', type=scored, cols=[13, 14]
 subject='Tin học', type=scored, cols=[15, 16]
 subject='Khoa học', type=scored, cols=[17, 18]
 subject='Tin học và Công nghệ (Công nghệ)', type=scored, cols=[19, 20]
 subject='Nghệ thuật - Âm nhạc', type=qualitative, cols=[21]
 subject='Nghệ thuật - Mĩ thuật', type=qualitative, cols=[22]
 subject='Hoạt động trải nghiệm', type=qualitative, cols=[23]
 subject='Giáo dục thể chất', type=qualitative, cols=[24]

=== subject_entries (12) ===
 subject='Toán', type=scored, cols=[6, 7]
 subject='Tiếng Việt', type=scored, cols=[8, 9]
 subject='Đạo đức', type=qualitative, cols=[10]
 subject='Lịch sử và Địa lí', type=scored, cols=[11, 12]
 subject='Tiếng Anh', type=scored, cols=[13, 14]
 subject='Tin học', type=scored, cols=[15, 16]
 subject='Khoa học', type=scored, cols=[17, 18]
 subject='Tin học và Công nghệ (Công nghệ)', type=scored, cols=[19, 20]
 subject='Nghệ thuật - Âm nhạc', type=qualitative, cols=[21]
 subject='Nghệ thuật - Mĩ thuật', type=qualitative, cols=[22]
 subject='Hoạt động trải nghiệm', type=qualitative, cols=[23]
 subject='Giáo dục thể chất', type=qualitative, cols=[24]

=== subject_entries (12) ===
 subject='Toán', type=scored, cols=[6, 7]
 subject='Tiếng Việt', type=scored, cols=[8, 9]
 subject='Đạo đức', type=qualitative, cols=[10]
 subject='Lịch sử và Địa lí', type=scored, cols=[11, 12]
 subject='Tiếng Anh', type=scored, cols=[13, 14]
 subject='Tin học', type=scored, cols=[15, 16]
 subject='Khoa học', type=scored, cols=[17, 18]
 subject='Tin học và Công nghệ (Công nghệ)', type=scored, cols=[19, 20]
 subject='Nghệ thuật - Âm nhạc', type=qualitative, cols=[21]
 subject='Nghệ thuật - Mĩ thuật', type=qualitative, cols=[22]
 subject='Hoạt động trải nghiệm', type=qualitative, cols=[23]
 subject='Giáo dục thể chất', type=qualitative, cols=[24]
