
=== build_columns: header_rows=4, total_cols=37 ===
 Row 0: ['Lớp: 1A', '', '', '', '', '', '', '', '', '', '', '', '', '', '', '', '', '', '', '', '', '', '', '', '', '', '', '', '', '', '', '', '', '', '', '', '']
 Row 1: ['STT', 'Mã học sinh', 'HỌ VÀ TÊN HỌC SINH', 'Họ và tên', 'Ngày,\ntháng,\nnăm sinh', 'Nữ', 'Môn học và hoạt động giáo dục', '', '', '', '', '', '', '', '', '', 'Năng lực cốt lõi', '', '', '', '', '', '', '', 'Phẩm chất chủ yếu', '', '', '', '', 'Đánh giá KQGD', '', '', '', 'Khen thưởng', '', 'Chưa lên lớp', 'Ghi chú']
 Row 2: ['', '', '', '', '', '', 'Toán', '', 'Tiếng Việt', '', 'Đạo đức', 'TN-XH', 'Nghệ thuật', '', 'Hoạt động trải nghiệm', 'Giáo dục thể chất', 'Năng lực chung', '', '', 'Năng lực đặc thù', '', '', '', '', '', '', '', '', '', '', '', '', '', '', '', '', '']
 Row 3: ['', '', '', '', '', '', '', '', '', '', '', '', 'Âm nhạc', 'Mĩ thuật', '', '', '', '', '', '', '', '', '', '', '', '', '', '', '', '', '', '', '', '', '', '', '']

=== build_columns: header_rows=4, total_cols=37 ===
 Row 0: ['Lớp: 1B', '', '', '', '', '', '', '', '', '', '', '', '', '', '', '', '', '', '', '', '', '', '', '', '', '', '', '', '', '', '', '', '', '', '', '', '']
 Row 1: ['STT', 'Mã học sinh', 'HỌ VÀ TÊN HỌC SINH', 'Họ và tên', 'Ngày,\ntháng,\nnăm sinh', 'Nữ', 'Môn học và hoạt động giáo dục', '', '', '', '', '', '', '', '', '', 'Năng lực cốt lõi', '', '', '', '', '', '', '', 'Phẩm chất chủ yếu', '', '', '', '', 'Đánh giá KQGD', '', '', '', 'Khen thưởng', '', 'Chưa lên lớp', 'Ghi chú']
 Row 2: ['', '', '', '', '', '', 'Toán', '', 'Tiếng Việt', '', 'Đạo đức', 'TN-XH', 'Nghệ thuật', '', 'Hoạt động trải nghiệm', 'Giáo dục thể chất', 'Năng lực chung', '', '', 'Năng lực đặc thù', '', '', '', '', '', '', '', '', '', '', '', '', '', '', '', '', '']
 Row 3: ['', '', '', '', '', '', '', '', '', '', '', '', 'Âm nhạc', 'Mĩ thuật', '', '', '', '', '', '', '', '', '', '', '', '', '', '', '', '', '', '', '', '', '', '', '']

=== build_columns: header_rows=4, total_cols=37 ===
 Row 0: ['Lớp: 2A', '', '', '', '', '', '', '', '', '', '', '', '', '', '', '', '', '', '', '', '', '', '', '', '', '', '', '', '', '', '', '', '', '', '', '', '']
 Row 1: ['STT', 'Mã học sinh', 'HỌ VÀ TÊN HỌC SINH', 'Họ và tên', 'Ngày,\ntháng,\nnăm sinh', 'Nữ', 'Môn học và hoạt động giáo dục', '', '', '', '', '', '', '', '', '', 'Năng lực cốt lõi', '', '', '', '', '', '', '', 'Phẩm chất chủ yếu', '', '', '', '', 'Đánh giá KQGD', '', '', '', 'Khen thưởng', '', 'Chưa lên lớp', 'Ghi chú']
 Row 2: ['', '', '', '', '', '', 'Toán', '', 'Tiếng Việt', '', 'Đạo đức', 'TN-XH', 'Nghệ thuật', '', 'Hoạt động trải nghiệm', 'Giáo dục thể chất', 'Năng lực chung', '', '', 'Năng lực đặc thù', '', '', '', '', '', '', '', '', '', '', '', '', '', '', '', '', '']
 Row 3: ['', '', '', '', '', '', '', '', '', '', '', '', 'Âm nhạc', 'Mĩ thuật', '', '', '', '', '', '', '', '', '', '', '', '', '', '', '', '', '', '', '', '', '', '', '']

=== build_columns: header_rows=4, total_cols=37 ===
 Row 0: ['Lớp: 2B', '', '', '', '', '', '', '', '', '', '', '', '', '', '', '', '', '', '', '', '', '', '', '', '', '', '', '', '', '', '', '', '', '', '', '', '']
 Row 1: ['STT', 'Mã học sinh', 'HỌ VÀ TÊN HỌC SINH', 'Họ và tên', 'Ngày,\ntháng,\nnăm sinh', 'Nữ', 'Môn học và hoạt động giáo dục', '', '', '', '', '', '', '', '', '', 'Năng lực cốt lõi', '', '', '', '', '', '', '', 'Phẩm chất chủ yếu', '', '', '', '', 'Đánh giá KQGD', '', '', '', 'Khen thưởng', '', 'Chưa lên lớp', 'Ghi chú']
 Row 2: ['', '', '', '', '', '', 'Toán', '', 'Tiếng Việt', '', 'Đạo đức', 'TN-XH', 'Nghệ thuật', '', 'Hoạt động trải nghiệm', 'Giáo dục thể chất', 'Năng lực chung', '', '', 'Năng lực đặc thù', '', '', '', '', '', '', '', '', '', '', '', '', '', '', '', '', '']
 Row 3: ['', '', '', '', '', '', '', '', '', '', '', '', 'Âm nhạc', 'Mĩ thuật', '', '', '', '', '', '', '', '', '', '', '', '', '', '', '', '', '', '', '', '', '', '', '']

=== build_columns: header_rows=4, total_cols=37 ===
 Row 0: ['Lớp: 2C', '', '', '', '', '', '', '', '', '', '', '', '', '', '', '', '', '', '', '', '', '', '', '', '', '', '', '', '', '', '', '', '', '', '', '', '']
 Row 1: ['STT', 'Mã học sinh', 'HỌ VÀ TÊN HỌC SINH', 'Họ và tên', 'Ngày,\ntháng,\nnăm sinh', 'Nữ', 'Môn học và hoạt động giáo dục', '', '', '', '', '', '', '', '', '', 'Năng lực cốt lõi', '', '', '', '', '', '', '', 'Phẩm chất chủ yếu', '', '', '', '', 'Đánh giá KQGD', '', '', '', 'Khen thưởng', '', 'Chưa lên lớp', 'Ghi chú']
 Row 2: ['', '', '', '', '', '', 'Toán', '', 'Tiếng Việt', '', 'Đạo đức', 'TN-XH', 'Nghệ thuật', '', 'Hoạt động trải nghiệm', 'Giáo dục thể chất', 'Năng lực chung', '', '', 'Năng lực đặc thù', '', '', '', '', '', '', '', '', '', '', '', '', '', '', '', '', '']
 Row 3: ['', '', '', '', '', '', '', '', '', '', '', '', 'Âm nhạc', 'Mĩ thuật', '', '', '', '', '', '', '', '', '', '', '', '', '', '', '', '', '', '', '', '', '', '', '']

=== build_columns: header_rows=4, total_cols=45 ===
 Row 0: ['Lớp: 3A', '', '', '', '', '', '', '', '', '', '', '', '', '', '', '', '', '', '', '', '', '', '', '', '', '', '', '', '', '', '', '', '', '', '', '', '', '', '', '', '', '', '', '', '']
 Row 1: ['STT', 'Mã học sinh', 'HỌ VÀ TÊN HỌC SINH', 'Họ và tên', 'Ngày,\ntháng,\nnăm sinh', 'Nữ', 'Môn học và hoạt động giáo dục', '', '', '', '', '', '', '', '', '', '', '', '', '', '', '', 'Năng lực cốt lõi', '', '', '', '', '', '', '', '', '', 'Phẩm chất chủ yếu', '', '', '', '', 'Đánh giá KQGD', '', '', '', 'Khen thưởng', '', 'Chưa lên lớp', 'Ghi chú']
 Row 2: ['', '', '', '', '', '', 'Toán', '', 'Tiếng Việt', '', 'Đạo đức', 'TN-XH', 'Tiếng Anh', '', 'Tin học', '', 'Công nghệ', '', 'Nghệ thuật', '', 'Hoạt động trải nghiệm', 'Giáo dục thể chất', 'Năng lực chung', '', '', 'Năng lực đặc thù', '', '', '', '', '', '', '', '', '', '', '', '', '', '', '', '', '', '', '']
 Row 3: ['', '', '', '', '', '', '', '', '', '', '', '', '', '', '', '', '', '', 'Âm nhạc', 'Mĩ thuật', '', '', '', '', '', '', '', '', '', '', '', '', '', '', '', '', '', '', '', '', '', '', '', '', '']

=== build_columns: header_rows=4, total_cols=45 ===
 Row 0: ['Lớp: 3B', '', '', '', '', '', '', '', '', '', '', '', '', '', '', '', '', '', '', '', '', '', '', '', '', '', '', '', '', '', '', '', '', '', '', '', '', '', '', '', '', '', '', '', '']
 Row 1: ['STT', 'Mã học sinh', 'HỌ VÀ TÊN HỌC SINH', 'Họ và tên', 'Ngày,\ntháng,\nnăm sinh', 'Nữ', 'Môn học và hoạt động giáo dục', '', '', '', '', '', '', '', '', '', '', '', '', '', '', '', 'Năng lực cốt lõi', '', '', '', '', '', '', '', '', '', 'Phẩm chất chủ yếu', '', '', '', '', 'Đánh giá KQGD', '', '', '', 'Khen thưởng', '', 'Chưa lên lớp', 'Ghi chú']
 Row 2: ['', '', '', '', '', '', 'Toán', '', 'Tiếng Việt', '', 'Đạo đức', 'TN-XH', 'Tiếng Anh', '', 'Tin học', '', 'Công nghệ', '', 'Nghệ thuật', '', 'Hoạt động trải nghiệm', 'Giáo dục thể chất', 'Năng lực chung', '', '', 'Năng lực đặc thù', '', '', '', '', '', '', '', '', '', '', '', '', '', '', '', '', '', '', '']
 Row 3: ['', '', '', '', '', '', '', '', '', '', '', '', '', '', '', '', '', '', 'Âm nhạc', 'Mĩ thuật', '', '', '', '', '', '', '', '', '', '', '', '', '', '', '', '', '', '', '', '', '', '', '', '', '']

=== build_columns: header_rows=4, total_cols=45 ===
 Row 0: ['Lớp: 3C', '', '', '', '', '', '', '', '', '', '', '', '', '', '', '', '', '', '', '', '', '', '', '', '', '', '', '', '', '', '', '', '', '', '', '', '', '', '', '', '', '', '', '', '']
 Row 1: ['STT', 'Mã học sinh', 'HỌ VÀ TÊN HỌC SINH', 'Họ và tên', 'Ngày,\ntháng,\nnăm sinh', 'Nữ', 'Môn học và hoạt động giáo dục', '', '', '', '', '', '', '', '', '', '', '', '', '', '', '', 'Năng lực cốt lõi', '', '', '', '', '', '', '', '', '', 'Phẩm chất chủ yếu', '', '', '', '', 'Đánh giá KQGD', '', '', '', 'Khen thưởng', '', 'Chưa lên lớp', 'Ghi chú']
 Row 2: ['', '', '', '', '', '', 'Toán', '', 'Tiếng Việt', '', 'Đạo đức', 'TN-XH', 'Tiếng Anh', '', 'Tin học', '', 'Công nghệ', '', 'Nghệ thuật', '', 'Hoạt động trải nghiệm', 'Giáo dục thể chất', 'Năng lực chung', '', '', 'Năng lực đặc thù', '', '', '', '', '', '', '', '', '', '', '', '', '', '', '', '', '', '', '']
 Row 3: ['', '', '', '', '', '', '', '', '', '', '', '', '', '', '', '', '', '', 'Âm nhạc', 'Mĩ thuật', '', '', '', '', '', '', '', '', '', '', '', '', '', '', '', '', '', '', '', '', '', '', '', '', '']

=== build_columns: header_rows=4, total_cols=48 ===
 Row 0: ['Lớp: 4A', '', '', '', '', '', '', '', '', '', '', '', '', '', '', '', '', '', '', '', '', '', '', '', '', '', '', '', '', '', '', '', '', '', '', '', '', '', '', '', '', '', '', '', '', '', '', '']
 Row 1: ['STT', 'Mã học sinh', 'HỌ VÀ TÊN HỌC SINH', 'Họ và tên', 'Ngày,\ntháng,\nnăm sinh', 'Nữ', 'Môn học và hoạt động giáo dục', '', '', '', '', '', '', '', '', '', '', '', '', '', '', '', '', '', '', 'Năng lực cốt lõi', '', '', '', '', '', '', '', '', '', 'Phẩm chất chủ yếu', '', '', '', '', 'Đánh giá KQGD', '', '', '', 'Khen thưởng', '', 'Chưa lên lớp', 'Ghi chú']
 Row 2: ['', '', '', '', '', '', 'Toán', '', 'Tiếng Việt', '', 'Đạo đức', 'Lịch sử và Địa lí', '', 'Tiếng Anh', '', 'Tin học', '', 'Khoa học', '', 'Công nghệ', '', 'Nghệ thuật', '', 'Hoạt động trải nghiệm', 'Giáo dục thể chất', 'Năng lực chung', '', '', 'Năng lực đặc thù', '', '', '', '', '', '', '', '', '', '', '', '', '', '', '', '', '', '', '']
 Row 3: ['', '', '', '', '', '', '', '', '', '', '', '', '', '', '', '', '', '', '', '', '', 'Âm nhạc', 'Mĩ thuật', '', '', '', '', '', '', '', '', '', '', '', '', '', '', '', '', '', '', '', '', '', '', '', '', '']

=== build_columns: header_rows=4, total_cols=48 ===
 Row 0: ['Lớp: 4B', '', '', '', '', '', '', '', '', '', '', '', '', '', '', '', '', '', '', '', '', '', '', '', '', '', '', '', '', '', '', '', '', '', '', '', '', '', '', '', '', '', '', '', '', '', '', '']
 Row 1: ['STT', 'Mã học sinh', 'HỌ VÀ TÊN HỌC SINH', 'Họ và tên', 'Ngày,\ntháng,\nnăm sinh', 'Nữ', 'Môn học và hoạt động giáo dục', '', '', '', '', '', '', '', '', '', '', '', '', '', '', '', '', '', '', 'Năng lực cốt lõi', '', '', '', '', '', '', '', '', '', 'Phẩm chất chủ yếu', '', '', '', '', 'Đánh giá KQGD', '', '', '', 'Khen thưởng', '', 'Chưa lên lớp', 'Ghi chú']
 Row 2: ['', '', '', '', '', '', 'Toán', '', 'Tiếng Việt', '', 'Đạo đức', 'Lịch sử và Địa lí', '', 'Tiếng Anh', '', 'Tin học', '', 'Khoa học', '', 'Công nghệ', '', 'Nghệ thuật', '', 'Hoạt động trải nghiệm', 'Giáo dục thể chất', 'Năng lực chung', '', '', 'Năng lực đặc thù', '', '', '', '', '', '', '', '', '', '', '', '', '', '', '', '', '', '', '']
 Row 3: ['', '', '', '', '', '', '', '', '', '', '', '', '', '', '', '', '', '', '', '', '', 'Âm nhạc', 'Mĩ thuật', '', '', '', '', '', '', '', '', '', '', '', '', '', '', '', '', '', '', '', '', '', '', '', '', '']

=== build_columns: header_rows=4, total_cols=48 ===
 Row 0: ['Lớp: 4C', '', '', '', '', '', '', '', '', '', '', '', '', '', '', '', '', '', '', '', '', '', '', '', '', '', '', '', '', '', '', '', '', '', '', '', '', '', '', '', '', '', '', '', '', '', '', '']
 Row 1: ['STT', 'Mã học sinh', 'HỌ VÀ TÊN HỌC SINH', 'Họ và tên', 'Ngày,\ntháng,\nnăm sinh', 'Nữ', 'Môn học và hoạt động giáo dục', '', '', '', '', '', '', '', '', '', '', '', '', '', '', '', '', '', '', 'Năng lực cốt lõi', '', '', '', '', '', '', '', '', '', 'Phẩm chất chủ yếu', '', '', '', '', 'Đánh giá KQGD', '', '', '', 'Khen thưởng', '', 'Chưa lên lớp', 'Ghi chú']
 Row 2: ['', '', '', '', '', '', 'Toán', '', 'Tiếng Việt', '', 'Đạo đức', 'Lịch sử và Địa lí', '', 'Tiếng Anh', '', 'Tin học', '', 'Khoa học', '', 'Công nghệ', '', 'Nghệ thuật', '', 'Hoạt động trải nghiệm', 'Giáo dục thể chất', 'Năng lực chung', '', '', 'Năng lực đặc thù', '', '', '', '', '', '', '', '', '', '', '', '', '', '', '', '', '', '', '']
 Row 3: ['', '', '', '', '', '', '', '', '', '', '', '', '', '', '', '', '', '', '', '', '', 'Âm nhạc', 'Mĩ thuật', '', '', '', '', '', '', '', '', '', '', '', '', '', '', '', '', '', '', '', '', '', '', '', '', '']

=== build_columns: header_rows=4, total_cols=38 ===
 Row 0: ['Lớp: 5A', '', '', '', '', '', '', '', '', '', '', '', '', '', '', '', '', '', '', '', '', '', '', '', '', '', '', '', '', '', '', '', '', '', '', '', '', '']
 Row 1: ['STT', 'Mã học sinh', 'HỌ VÀ TÊN HỌC SINH', 'Họ và tên', 'Ngày,\ntháng,\nnăm sinh', 'Nữ', 'Môn học và hoạt động giáo dục', '', '', '', '', '', '', '', '', '', '', '', '', '', '', '', '', 'Năng lực', '', '', 'Phẩm chất', '', '', '', 'Khen cuối năm', '', '', '', '', 'Hoàn thành chương trình \n lớp học', 'Lên lớp', 'Ghi chú']
 Row 2: ['', '', '', '', '', '', 'Tiếng Việt', '', 'Toán', '', 'Khoa học', '', 'Lịch sử và Địa lí', '', 'Tiếng Anh', '', 'Tin học', '', 'Đạo đức', 'Âm nhạc', 'Mĩ thuật', 'Kĩ thuật', 'Thể dục', 'Tự phục vụ, tự quản', 'Hợp tác', 'Tự học, GQVĐ', 'Chăm học, chăm làm', 'Tự tin, trách nhiệm', 'Trung thực kỉ luật', 'Đoàn kết, yêu thương', '', '', 'Khen đột xuất', 'Khen đặc biệt', 'Nội dung', '', '', '']
 Row 3: ['', '', '', '', '', '', 'Mức đạt được', 'Điểm KTĐK', 'Mức đạt được', 'Điểm KTĐK', 'Mức đạt được', 'Điểm KTĐK', 'Mức đạt được', 'Điểm KTĐK', 'Mức đạt được', 'Điểm KTĐK', 'Mức đạt được', 'Điểm KTĐK', 'Mức đạt được', 'Mức đạt được', 'Mức đạt được', 'Mức đạt được', 'Mức đạt được', '', '', '', '', '', '', '', 'Khen HTXS', 'Vượt trội, tiến bộ vượt bậc', '', '', '', '', '', '']

=== build_columns: header_rows=4, total_cols=38 ===
 Row 0: ['Lớp: 5B', '', '', '', '', '', '', '', '', '', '', '', '', '', '', '', '', '', '', '', '', '', '', '', '', '', '', '', '', '', '', '', '', '', '', '', '', '']
 Row 1: ['STT', 'Mã học sinh', 'HỌ VÀ TÊN HỌC SINH', 'Họ và tên', 'Ngày,\ntháng,\nnăm sinh', 'Nữ', 'Môn học và hoạt động giáo dục', '', '', '', '', '', '', '', '', '', '', '', '', '', '', '', '', 'Năng lực', '', '', 'Phẩm chất', '', '', '', 'Khen cuối năm', '', '', '', '', 'Hoàn thành chương trình \n lớp học', 'Lên lớp', 'Ghi chú']
 Row 2: ['', '', '', '', '', '', 'Tiếng Việt', '', 'Toán', '', 'Khoa học', '', 'Lịch sử và Địa lí', '', 'Tiếng Anh', '', 'Tin học', '', 'Đạo đức', 'Âm nhạc', 'Mĩ thuật', 'Kĩ thuật', 'Thể dục', 'Tự phục vụ, tự quản', 'Hợp tác', 'Tự học, GQVĐ', 'Chăm học, chăm làm', 'Tự tin, trách nhiệm', 'Trung thực kỉ luật', 'Đoàn kết, yêu thương', '', '', 'Khen đột xuất', 'Khen đặc biệt', 'Nội dung', '', '', '']
 Row 3: ['', '', '', '', '', '', 'Mức đạt được', 'Điểm KTĐK', 'Mức đạt được', 'Điểm KTĐK', 'Mức đạt được', 'Điểm KTĐK', 'Mức đạt được', 'Điểm KTĐK', 'Mức đạt được', 'Điểm KTĐK', 'Mức đạt được', 'Điểm KTĐK', 'Mức đạt được', 'Mức đạt được', 'Mức đạt được', 'Mức đạt được', 'Mức đạt được', '', '', '', '', '', '', '', 'Khen HTXS', 'Vượt trội, tiến bộ vượt bậc', '', '', '', '', '', '']

=== build_columns: header_rows=4, total_cols=38 ===
 Row 0: ['Lớp: 5C', '', '', '', '', '', '', '', '', '', '', '', '', '', '', '', '', '', '', '', '', '', '', '', '', '', '', '', '', '', '', '', '', '', '', '', '', '']
 Row 1: ['STT', 'Mã học sinh', 'HỌ VÀ TÊN HỌC SINH', 'Họ và tên', 'Ngày,\ntháng,\nnăm sinh', 'Nữ', 'Môn học và hoạt động giáo dục', '', '', '', '', '', '', '', '', '', '', '', '', '', '', '', '', 'Năng lực', '', '', 'Phẩm chất', '', '', '', 'Khen cuối năm', '', '', '', '', 'Hoàn thành chương trình \n lớp học', 'Lên lớp', 'Ghi chú']
 Row 2: ['', '', '', '', '', '', 'Tiếng Việt', '', 'Toán', '', 'Khoa học', '', 'Lịch sử và Địa lí', '', 'Tiếng Anh', '', 'Tin học', '', 'Đạo đức', 'Âm nhạc', 'Mĩ thuật', 'Kĩ thuật', 'Thể dục', 'Tự phục vụ, tự quản', 'Hợp tác', 'Tự học, GQVĐ', 'Chăm học, chăm làm', 'Tự tin, trách nhiệm', 'Trung thực kỉ luật', 'Đoàn kết, yêu thương', '', '', 'Khen đột xuất', 'Khen đặc biệt', 'Nội dung', '', '', '']
 Row 3: ['', '', '', '', '', '', 'Mức đạt được', 'Điểm KTĐK', 'Mức đạt được', 'Điểm KTĐK', 'Mức đạt được', 'Điểm KTĐK', 'Mức đạt được', 'Điểm KTĐK', 'Mức đạt được', 'Điểm KTĐK', 'Mức đạt được', 'Điểm KTĐK', 'Mức đạt được', 'Mức đạt được', 'Mức đạt được', 'Mức đạt được', 'Mức đạt được', '', '', '', '', '', '', '', 'Khen HTXS', 'Vượt trội, tiến bộ vượt bậc', '', '', '', '', '', '']

=== build_columns: header_rows=4, total_cols=37 ===
 Row 0: ['Lớp: 1A', '', '', '', '', '', '', '', '', '', '', '', '', '', '', '', '', '', '', '', '', '', '', '', '', '', '', '', '', '', '', '', '', '', '', '', '']
 Row 1: ['STT', 'Mã học sinh', 'HỌ VÀ TÊN HỌC SINH', 'Họ và tên', 'Ngày,\ntháng,\nnăm sinh', 'Nữ', 'Môn học và hoạt động giáo dục', '', '', '', '', '', '', '', '', '', 'Năng lực cốt lõi', '', '', '', '', '', '', '', 'Phẩm chất chủ yếu', '', '', '', '', 'Đánh giá KQGD', '', '', '', 'Khen thưởng', '', 'Chưa lên lớp', 'Ghi chú']
 Row 2: ['', '', '', '', '', '', 'Toán', '', 'Tiếng Việt', '', 'Đạo đức', 'TN-XH', 'Nghệ thuật', '', 'Hoạt động trải nghiệm', 'Giáo dục thể chất', 'Năng lực chung', '', '', 'Năng lực đặc thù', '', '', '', '', '', '', '', '', '', '', '', '', '', '', '', '', '']
 Row 3: ['', '', '', '', '', '', '', '', '', '', '', '', 'Âm nhạc', 'Mĩ thuật', '', '', '', '', '', '', '', '', '', '', '', '', '', '', '', '', '', '', '', '', '', '', '']

=== build_columns: header_rows=4, total_cols=37 ===
 Row 0: ['Lớp: 1B', '', '', '', '', '', '', '', '', '', '', '', '', '', '', '', '', '', '', '', '', '', '', '', '', '', '', '', '', '', '', '', '', '', '', '', '']
 Row 1: ['STT', 'Mã học sinh', 'HỌ VÀ TÊN HỌC SINH', 'Họ và tên', 'Ngày,\ntháng,\nnăm sinh', 'Nữ', 'Môn học và hoạt động giáo dục', '', '', '', '', '', '', '', '', '', 'Năng lực cốt lõi', '', '', '', '', '', '', '', 'Phẩm chất chủ yếu', '', '', '', '', 'Đánh giá KQGD', '', '', '', 'Khen thưởng', '', 'Chưa lên lớp', 'Ghi chú']
 Row 2: ['', '', '', '', '', '', 'Toán', '', 'Tiếng Việt', '', 'Đạo đức', 'TN-XH', 'Nghệ thuật', '', 'Hoạt động trải nghiệm', 'Giáo dục thể chất', 'Năng lực chung', '', '', 'Năng lực đặc thù', '', '', '', '', '', '', '', '', '', '', '', '', '', '', '', '', '']
 Row 3: ['', '', '', '', '', '', '', '', '', '', '', '', 'Âm nhạc', 'Mĩ thuật', '', '', '', '', '', '', '', '', '', '', '', '', '', '', '', '', '', '', '', '', '', '', '']

=== build_columns: header_rows=4, total_cols=37 ===
 Row 0: ['Lớp: 2A', '', '', '', '', '', '', '', '', '', '', '', '', '', '', '', '', '', '', '', '', '', '', '', '', '', '', '', '', '', '', '', '', '', '', '', '']
 Row 1: ['STT', 'Mã học sinh', 'HỌ VÀ TÊN HỌC SINH', 'Họ và tên', 'Ngày,\ntháng,\nnăm sinh', 'Nữ', 'Môn học và hoạt động giáo dục', '', '', '', '', '', '', '', '', '', 'Năng lực cốt lõi', '', '', '', '', '', '', '', 'Phẩm chất chủ yếu', '', '', '', '', 'Đánh giá KQGD', '', '', '', 'Khen thưởng', '', 'Chưa lên lớp', 'Ghi chú']
 Row 2: ['', '', '', '', '', '', 'Toán', '', 'Tiếng Việt', '', 'Đạo đức', 'TN-XH', 'Nghệ thuật', '', 'Hoạt động trải nghiệm', 'Giáo dục thể chất', 'Năng lực chung', '', '', 'Năng lực đặc thù', '', '', '', '', '', '', '', '', '', '', '', '', '', '', '', '', '']
 Row 3: ['', '', '', '', '', '', '', '', '', '', '', '', 'Âm nhạc', 'Mĩ thuật', '', '', '', '', '', '', '', '', '', '', '', '', '', '', '', '', '', '', '', '', '', '', '']

=== build_columns: header_rows=4, total_cols=37 ===
 Row 0: ['Lớp: 2B', '', '', '', '', '', '', '', '', '', '', '', '', '', '', '', '', '', '', '', '', '', '', '', '', '', '', '', '', '', '', '', '', '', '', '', '']
 Row 1: ['STT', 'Mã học sinh', 'HỌ VÀ TÊN HỌC SINH', 'Họ và tên', 'Ngày,\ntháng,\nnăm sinh', 'Nữ', 'Môn học và hoạt động giáo dục', '', '', '', '', '', '', '', '', '', 'Năng lực cốt lõi', '', '', '', '', '', '', '', 'Phẩm chất chủ yếu', '', '', '', '', 'Đánh giá KQGD', '', '', '', 'Khen thưởng', '', 'Chưa lên lớp', 'Ghi chú']
 Row 2: ['', '', '', '', '', '', 'Toán', '', 'Tiếng Việt', '', 'Đạo đức', 'TN-XH', 'Nghệ thuật', '', 'Hoạt động trải nghiệm', 'Giáo dục thể chất', 'Năng lực chung', '', '', 'Năng lực đặc thù', '', '', '', '', '', '', '', '', '', '', '', '', '', '', '', '', '']
 Row 3: ['', '', '', '', '', '', '', '', '', '', '', '', 'Âm nhạc', 'Mĩ thuật', '', '', '', '', '', '', '', '', '', '', '', '', '', '', '', '', '', '', '', '', '', '', '']

=== build_columns: header_rows=4, total_cols=37 ===
 Row 0: ['Lớp: 2C', '', '', '', '', '', '', '', '', '', '', '', '', '', '', '', '', '', '', '', '', '', '', '', '', '', '', '', '', '', '', '', '', '', '', '', '']
 Row 1: ['STT', 'Mã học sinh', 'HỌ VÀ TÊN HỌC SINH', 'Họ và tên', 'Ngày,\ntháng,\nnăm sinh', 'Nữ', 'Môn học và hoạt động giáo dục', '', '', '', '', '', '', '', '', '', 'Năng lực cốt lõi', '', '', '', '', '', '', '', 'Phẩm chất chủ yếu', '', '', '', '', 'Đánh giá KQGD', '', '', '', 'Khen thưởng', '', 'Chưa lên lớp', 'Ghi chú']
 Row 2: ['', '', '', '', '', '', 'Toán', '', 'Tiếng Việt', '', 'Đạo đức', 'TN-XH', 'Nghệ thuật', '', 'Hoạt động trải nghiệm', 'Giáo dục thể chất', 'Năng lực chung', '', '', 'Năng lực đặc thù', '', '', '', '', '', '', '', '', '', '', '', '', '', '', '', '', '']
 Row 3: ['', '', '', '', '', '', '', '', '', '', '', '', 'Âm nhạc', 'Mĩ thuật', '', '', '', '', '', '', '', '', '', '', '', '', '', '', '', '', '', '', '', '', '', '', '']

=== build_columns: header_rows=4, total_cols=45 ===
 Row 0: ['Lớp: 3A', '', '', '', '', '', '', '', '', '', '', '', '', '', '', '', '', '', '', '', '', '', '', '', '', '', '', '', '', '', '', '', '', '', '', '', '', '', '', '', '', '', '', '', '']
 Row 1: ['STT', 'Mã học sinh', 'HỌ VÀ TÊN HỌC SINH', 'Họ và tên', 'Ngày,\ntháng,\nnăm sinh', 'Nữ', 'Môn học và hoạt động giáo dục', '', '', '', '', '', '', '', '', '', '', '', '', '', '', '', 'Năng lực cốt lõi', '', '', '', '', '', '', '', '', '', 'Phẩm chất chủ yếu', '', '', '', '', 'Đánh giá KQGD', '', '', '', 'Khen thưởng', '', 'Chưa lên lớp', 'Ghi chú']
 Row 2: ['', '', '', '', '', '', 'Toán', '', 'Tiếng Việt', '', 'Đạo đức', 'TN-XH', 'Tiếng Anh', '', 'Tin học', '', 'Công nghệ', '', 'Nghệ thuật', '', 'Hoạt động trải nghiệm', 'Giáo dục thể chất', 'Năng lực chung', '', '', 'Năng lực đặc thù', '', '', '', '', '', '', '', '', '', '', '', '', '', '', '', '', '', '', '']
 Row 3: ['', '', '', '', '', '', '', '', '', '', '', '', '', '', '', '', '', '', 'Âm nhạc', 'Mĩ thuật', '', '', '', '', '', '', '', '', '', '', '', '', '', '', '', '', '', '', '', '', '', '', '', '', '']

=== build_columns: header_rows=4, total_cols=45 ===
 Row 0: ['Lớp: 3B', '', '', '', '', '', '', '', '', '', '', '', '', '', '', '', '', '', '', '', '', '', '', '', '', '', '', '', '', '', '', '', '', '', '', '', '', '', '', '', '', '', '', '', '']
 Row 1: ['STT', 'Mã học sinh', 'HỌ VÀ TÊN HỌC SINH', 'Họ và tên', 'Ngày,\ntháng,\nnăm sinh', 'Nữ', 'Môn học và hoạt động giáo dục', '', '', '', '', '', '', '', '', '', '', '', '', '', '', '', 'Năng lực cốt lõi', '', '', '', '', '', '', '', '', '', 'Phẩm chất chủ yếu', '', '', '', '', 'Đánh giá KQGD', '', '', '', 'Khen thưởng', '', 'Chưa lên lớp', 'Ghi chú']
 Row 2: ['', '', '', '', '', '', 'Toán', '', 'Tiếng Việt', '', 'Đạo đức', 'TN-XH', 'Tiếng Anh', '', 'Tin học', '', 'Công nghệ', '', 'Nghệ thuật', '', 'Hoạt động trải nghiệm', 'Giáo dục thể chất', 'Năng lực chung', '', '', 'Năng lực đặc thù', '', '', '', '', '', '', '', '', '', '', '', '', '', '', '', '', '', '', '']
 Row 3: ['', '', '', '', '', '', '', '', '', '', '', '', '', '', '', '', '', '', 'Âm nhạc', 'Mĩ thuật', '', '', '', '', '', '', '', '', '', '', '', '', '', '', '', '', '', '', '', '', '', '', '', '', '']

=== build_columns: header_rows=4, total_cols=45 ===
 Row 0: ['Lớp: 3C', '', '', '', '', '', '', '', '', '', '', '', '', '', '', '', '', '', '', '', '', '', '', '', '', '', '', '', '', '', '', '', '', '', '', '', '', '', '', '', '', '', '', '', '']
 Row 1: ['STT', 'Mã học sinh', 'HỌ VÀ TÊN HỌC SINH', 'Họ và tên', 'Ngày,\ntháng,\nnăm sinh', 'Nữ', 'Môn học và hoạt động giáo dục', '', '', '', '', '', '', '', '', '', '', '', '', '', '', '', 'Năng lực cốt lõi', '', '', '', '', '', '', '', '', '', 'Phẩm chất chủ yếu', '', '', '', '', 'Đánh giá KQGD', '', '', '', 'Khen thưởng', '', 'Chưa lên lớp', 'Ghi chú']
 Row 2: ['', '', '', '', '', '', 'Toán', '', 'Tiếng Việt', '', 'Đạo đức', 'TN-XH', 'Tiếng Anh', '', 'Tin học', '', 'Công nghệ', '', 'Nghệ thuật', '', 'Hoạt động trải nghiệm', 'Giáo dục thể chất', 'Năng lực chung', '', '', 'Năng lực đặc thù', '', '', '', '', '', '', '', '', '', '', '', '', '', '', '', '', '', '', '']
 Row 3: ['', '', '', '', '', '', '', '', '', '', '', '', '', '', '', '', '', '', 'Âm nhạc', 'Mĩ thuật', '', '', '', '', '', '', '', '', '', '', '', '', '', '', '', '', '', '', '', '', '', '', '', '', '']

=== build_columns: header_rows=4, total_cols=48 ===
 Row 0: ['Lớp: 4A', '', '', '', '', '', '', '', '', '', '', '', '', '', '', '', '', '', '', '', '', '', '', '', '', '', '', '', '', '', '', '', '', '', '', '', '', '', '', '', '', '', '', '', '', '', '', '']
 Row 1: ['STT', 'Mã học sinh', 'HỌ VÀ TÊN HỌC SINH', 'Họ và tên', 'Ngày,\ntháng,\nnăm sinh', 'Nữ', 'Môn học và hoạt động giáo dục', '', '', '', '', '', '', '', '', '', '', '', '', '', '', '', '', '', '', 'Năng lực cốt lõi', '', '', '', '', '', '', '', '', '', 'Phẩm chất chủ yếu', '', '', '', '', 'Đánh giá KQGD', '', '', '', 'Khen thưởng', '', 'Chưa lên lớp', 'Ghi chú']
 Row 2: ['', '', '', '', '', '', 'Toán', '', 'Tiếng Việt', '', 'Đạo đức', 'Lịch sử và Địa lí', '', 'Tiếng Anh', '', 'Tin học', '', 'Khoa học', '', 'Công nghệ', '', 'Nghệ thuật', '', 'Hoạt động trải nghiệm', 'Giáo dục thể chất', 'Năng lực chung', '', '', 'Năng lực đặc thù', '', '', '', '', '', '', '', '', '', '', '', '', '', '', '', '', '', '', '']
 Row 3: ['', '', '', '', '', '', '', '', '', '', '', '', '', '', '', '', '', '', '', '', '', 'Âm nhạc', 'Mĩ thuật', '', '', '', '', '', '', '', '', '', '', '', '', '', '', '', '', '', '', '', '', '', '', '', '', '']

=== build_columns: header_rows=4, total_cols=48 ===
 Row 0: ['Lớp: 4B', '', '', '', '', '', '', '', '', '', '', '', '', '', '', '', '', '', '', '', '', '', '', '', '', '', '', '', '', '', '', '', '', '', '', '', '', '', '', '', '', '', '', '', '', '', '', '']
 Row 1: ['STT', 'Mã học sinh', 'HỌ VÀ TÊN HỌC SINH', 'Họ và tên', 'Ngày,\ntháng,\nnăm sinh', 'Nữ', 'Môn học và hoạt động giáo dục', '', '', '', '', '', '', '', '', '', '', '', '', '', '', '', '', '', '', 'Năng lực cốt lõi', '', '', '', '', '', '', '', '', '', 'Phẩm chất chủ yếu', '', '', '', '', 'Đánh giá KQGD', '', '', '', 'Khen thưởng', '', 'Chưa lên lớp', 'Ghi chú']
 Row 2: ['', '', '', '', '', '', 'Toán', '', 'Tiếng Việt', '', 'Đạo đức', 'Lịch sử và Địa lí', '', 'Tiếng Anh', '', 'Tin học', '', 'Khoa học', '', 'Công nghệ', '', 'Nghệ thuật', '', 'Hoạt động trải nghiệm', 'Giáo dục thể chất', 'Năng lực chung', '', '', 'Năng lực đặc thù', '', '', '', '', '', '', '', '', '', '', '', '', '', '', '', '', '', '', '']
 Row 3: ['', '', '', '', '', '', '', '', '', '', '', '', '', '', '', '', '', '', '', '', '', 'Âm nhạc', 'Mĩ thuật', '', '', '', '', '', '', '', '', '', '', '', '', '', '', '', '', '', '', '', '', '', '', '', '', '']

=== build_columns: header_rows=4, total_cols=48 ===
 Row 0: ['Lớp: 4C', '', '', '', '', '', '', '', '', '', '', '', '', '', '', '', '', '', '', '', '', '', '', '', '', '', '', '', '', '', '', '', '', '', '', '', '', '', '', '', '', '', '', '', '', '', '', '']
 Row 1: ['STT', 'Mã học sinh', 'HỌ VÀ TÊN HỌC SINH', 'Họ và tên', 'Ngày,\ntháng,\nnăm sinh', 'Nữ', 'Môn học và hoạt động giáo dục', '', '', '', '', '', '', '', '', '', '', '', '', '', '', '', '', '', '', 'Năng lực cốt lõi', '', '', '', '', '', '', '', '', '', 'Phẩm chất chủ yếu', '', '', '', '', 'Đánh giá KQGD', '', '', '', 'Khen thưởng', '', 'Chưa lên lớp', 'Ghi chú']
 Row 2: ['', '', '', '', '', '', 'Toán', '', 'Tiếng Việt', '', 'Đạo đức', 'Lịch sử và Địa lí', '', 'Tiếng Anh', '', 'Tin học', '', 'Khoa học', '', 'Công nghệ', '', 'Nghệ thuật', '', 'Hoạt động trải nghiệm', 'Giáo dục thể chất', 'Năng lực chung', '', '', 'Năng lực đặc thù', '', '', '', '', '', '', '', '', '', '', '', '', '', '', '', '', '', '', '']
 Row 3: ['', '', '', '', '', '', '', '', '', '', '', '', '', '', '', '', '', '', '', '', '', 'Âm nhạc', 'Mĩ thuật', '', '', '', '', '', '', '', '', '', '', '', '', '', '', '', '', '', '', '', '', '', '', '', '', '']
